Enabled 199 modules:
 * vtkChartsCore, needed by 8 modules:
        VTK_Group_StandAlone
        vtkChartsCore-Test-Cxx
        vtkCommonDataModel-Test-Cxx
        vtkFiltersPoints-Test-Cxx
        vtkIOExport-Test-Cxx
        vtkIOExportPDF-Test-Cxx
        vtkRenderingContext2D-Test-Cxx
        vtkViewsInfovis
 * vtkCommonColor, needed by 7 modules:
        vtkChartsCore
        vtkCommonColor-Test-Cxx
        vtkCommonDataModel-Test-Cxx
        vtkFiltersModeling-Test-Cxx
        vtkIOExport-Test-Cxx
        vtkRenderingCore
        vtkViewsInfovis
 * vtkCommonComputationalGeometry, needed by 8 modules:
        VTK_Group_StandAlone
        vtkCommonComputationalGeometry-Test-Cxx
        vtkFiltersGeneral
        vtkFiltersSources
        vtkImagingStencil
        vtkInfovisLayout
        vtkInteractionWidgets
        vtkRenderingCore
 * vtkCommonCore, needed by 101 modules:
        VTK_Group_StandAlone
        vtkChartsCore
        vtkCommonColor
        vtkCommonComputationalGeometry
        vtkCommonCore-Test-Cxx
        vtkCommonDataModel
        vtkCommonExecutionModel
        vtkCommonMath
        vtkCommonMisc
        vtkCommonSystem
        vtkCommonTransforms
        vtkDomainsChemistry
        vtkDomainsChemistryOpenGL2
        vtkFiltersAMR
        vtkFiltersCore
        vtkFiltersExtraction
        vtkFiltersFlowPaths
        vtkFiltersGeneral
        vtkFiltersGeneric
        vtkFiltersGeometry
        vtkFiltersHybrid
        vtkFiltersHyperTree
        vtkFiltersImaging
        vtkFiltersModeling
        vtkFiltersParallel
        vtkFiltersParallelImaging
        vtkFiltersPoints
        vtkFiltersProgrammable
        vtkFiltersSMP
        vtkFiltersSelection
        vtkFiltersSources
        vtkFiltersStatistics
        vtkFiltersTexture
        vtkFiltersTopology
        vtkFiltersVerdict
        vtkGeovisCore
        vtkIOAMR
        vtkIOAsynchronous
        vtkIOCityGML
        vtkIOCore
        vtkIOEnSight
        vtkIOExodus
        vtkIOExport
        vtkIOExportOpenGL2
        vtkIOExportPDF
        vtkIOGeometry
        vtkIOImage
        vtkIOImport
        vtkIOInfovis
        vtkIOLSDyna
        vtkIOLegacy
        vtkIOMINC
        vtkIOMovie
        vtkIONetCDF
        vtkIOPLY
        vtkIOParallel
        vtkIOParallelXML
        vtkIOSQL
        vtkIOSegY
        vtkIOTecplotTable
        vtkIOVeraOut
        vtkIOVideo
        vtkIOWeb
        vtkIOWeb
        vtkIOXML
        vtkIOXMLParser
        vtkImagingColor
        vtkImagingCore
        vtkImagingFourier
        vtkImagingGeneral
        vtkImagingHybrid
        vtkImagingHybrid-Test-Cxx
        vtkImagingMath
        vtkImagingMorphological
        vtkImagingSources
        vtkImagingStatistics
        vtkImagingStencil
        vtkInfovisCore
        vtkInfovisLayout
        vtkInteractionImage
        vtkInteractionStyle
        vtkInteractionWidgets
        vtkParallelCore
        vtkRenderingAnnotation
        vtkRenderingContext2D
        vtkRenderingContextOpenGL2
        vtkRenderingCore
        vtkRenderingFreeType
        vtkRenderingGL2PSOpenGL2
        vtkRenderingImage
        vtkRenderingLOD
        vtkRenderingLabel
        vtkRenderingOpenGL2
        vtkRenderingVolume
        vtkRenderingVolumeOpenGL2
        vtkTestingCore
        vtkTestingGenericBridge
        vtkTestingRendering
        vtkViewsContext2D
        vtkViewsCore
        vtkViewsInfovis
 * vtkCommonDataModel, needed by 92 modules:
        VTK_Group_StandAlone
        vtkChartsCore
        vtkCommonColor
        vtkCommonComputationalGeometry
        vtkCommonCore-Test-Cxx
        vtkCommonDataModel-Test-Cxx
        vtkCommonExecutionModel
        vtkDomainsChemistry
        vtkDomainsChemistryOpenGL2
        vtkFiltersAMR
        vtkFiltersCore
        vtkFiltersExtraction
        vtkFiltersFlowPaths
        vtkFiltersGeneral
        vtkFiltersGeneric
        vtkFiltersGeometry
        vtkFiltersHybrid
        vtkFiltersHyperTree
        vtkFiltersImaging
        vtkFiltersModeling
        vtkFiltersParallel
        vtkFiltersParallelImaging
        vtkFiltersPoints
        vtkFiltersProgrammable
        vtkFiltersSMP
        vtkFiltersSelection
        vtkFiltersSources
        vtkFiltersStatistics
        vtkFiltersTexture
        vtkFiltersTopology
        vtkFiltersVerdict
        vtkGeovisCore
        vtkIOAMR
        vtkIOAsynchronous
        vtkIOCityGML
        vtkIOCore
        vtkIOEnSight
        vtkIOExodus
        vtkIOExport
        vtkIOExportOpenGL2
        vtkIOGeometry
        vtkIOImage
        vtkIOImport
        vtkIOInfovis
        vtkIOLSDyna
        vtkIOLegacy
        vtkIOMINC
        vtkIOMovie
        vtkIONetCDF
        vtkIOPLY
        vtkIOParallel
        vtkIOParallelXML
        vtkIOSegY
        vtkIOTecplotTable
        vtkIOVeraOut
        vtkIOVideo
        vtkIOWeb
        vtkIOXML
        vtkIOXMLParser
        vtkImagingColor
        vtkImagingCore
        vtkImagingFourier
        vtkImagingGeneral
        vtkImagingHybrid
        vtkImagingHybrid-Test-Cxx
        vtkImagingMath
        vtkImagingMorphological
        vtkImagingSources
        vtkImagingStatistics
        vtkImagingStencil
        vtkInfovisCore
        vtkInfovisLayout
        vtkInteractionImage
        vtkInteractionStyle
        vtkInteractionWidgets
        vtkParallelCore
        vtkRenderingAnnotation
        vtkRenderingContext2D
        vtkRenderingContextOpenGL2
        vtkRenderingCore
        vtkRenderingFreeType
        vtkRenderingGL2PSOpenGL2
        vtkRenderingImage
        vtkRenderingLOD
        vtkRenderingLabel
        vtkRenderingOpenGL2
        vtkRenderingVolume
        vtkRenderingVolumeOpenGL2
        vtkTestingGenericBridge
        vtkTestingRendering
        vtkViewsCore
        vtkViewsInfovis
 * vtkCommonExecutionModel, needed by 80 modules:
        VTK_Group_StandAlone
        vtkChartsCore
        vtkCommonColor-Test-Cxx
        vtkCommonDataModel-Test-Cxx
        vtkCommonExecutionModel-Test-Cxx
        vtkDomainsChemistry
        vtkDomainsChemistryOpenGL2
        vtkFiltersAMR
        vtkFiltersCore
        vtkFiltersExtraction
        vtkFiltersFlowPaths
        vtkFiltersGeneral
        vtkFiltersGeneric
        vtkFiltersGeometry
        vtkFiltersHybrid
        vtkFiltersHyperTree
        vtkFiltersImaging
        vtkFiltersModeling
        vtkFiltersParallel
        vtkFiltersParallelImaging
        vtkFiltersPoints
        vtkFiltersProgrammable
        vtkFiltersSMP
        vtkFiltersSelection
        vtkFiltersSources
        vtkFiltersStatistics
        vtkFiltersTexture
        vtkFiltersTopology
        vtkFiltersVerdict
        vtkGeovisCore
        vtkIOAMR
        vtkIOAsynchronous
        vtkIOCityGML
        vtkIOCore
        vtkIOEnSight
        vtkIOExodus
        vtkIOGeometry
        vtkIOImage
        vtkIOImport
        vtkIOInfovis
        vtkIOLSDyna
        vtkIOLegacy
        vtkIOMINC
        vtkIOMovie
        vtkIONetCDF
        vtkIONetCDF-Test-Cxx
        vtkIOParallel
        vtkIOParallelXML
        vtkIOSQL
        vtkIOSegY
        vtkIOTecplotTable
        vtkIOVeraOut
        vtkIOVideo
        vtkIOXML
        vtkImagingColor
        vtkImagingCore
        vtkImagingFourier
        vtkImagingGeneral
        vtkImagingHybrid
        vtkImagingMath
        vtkImagingMorphological
        vtkImagingSources
        vtkImagingStatistics
        vtkImagingStencil
        vtkInfovisCore
        vtkInfovisLayout
        vtkInteractionImage
        vtkInteractionWidgets
        vtkRenderingAnnotation
        vtkRenderingContext2D
        vtkRenderingCore
        vtkRenderingFreeType
        vtkRenderingImage
        vtkRenderingLOD
        vtkRenderingLabel
        vtkRenderingOpenGL2
        vtkRenderingVolume
        vtkTestingRendering
        vtkViewsCore
        vtkViewsInfovis
 * vtkCommonMath, needed by 30 modules:
        vtkCommonDataModel
        vtkCommonMath-Test-Cxx
        vtkCommonMisc
        vtkCommonTransforms
        vtkDomainsChemistryOpenGL2
        vtkFiltersAMR
        vtkFiltersCore
        vtkFiltersFlowPaths
        vtkFiltersGeneral
        vtkFiltersGeneric
        vtkFiltersHybrid
        vtkFiltersSMP
        vtkIOAsynchronous
        vtkIOExport
        vtkIOImage
        vtkIOMINC
        vtkImagingCore
        vtkInteractionStyle
        vtkInteractionWidgets
        vtkRenderingAnnotation
        vtkRenderingContext2D
        vtkRenderingContextOpenGL2
        vtkRenderingCore
        vtkRenderingGL2PSOpenGL2
        vtkRenderingImage
        vtkRenderingLOD
        vtkRenderingLabel
        vtkRenderingOpenGL2
        vtkRenderingVolume
        vtkRenderingVolumeOpenGL2
 * vtkCommonMisc, needed by 29 modules:
        VTK_Group_StandAlone
        vtkCommonDataModel
        vtkCommonExecutionModel
        vtkCommonExecutionModel
        vtkCommonMisc-Test-Cxx
        vtkFiltersCore
        vtkFiltersGeneral
        vtkFiltersGeneric
        vtkFiltersHybrid
        vtkFiltersHyperTree
        vtkFiltersModeling
        vtkFiltersSMP
        vtkFiltersStatistics
        vtkIOAsynchronous
        vtkIOCore
        vtkIOGeometry
        vtkIOImage
        vtkIOImport
        vtkIOInfovis
        vtkIOLegacy
        vtkIOMINC
        vtkIOMovie
        vtkIOPLY
        vtkIOParallel
        vtkIOParallelXML
        vtkIOWeb
        vtkIOXML
        vtkRenderingVolume
        vtkTestingGenericBridge
 * vtkCommonSystem, needed by 36 modules:
        VTK_Group_StandAlone
        vtkCommonCore-Test-Cxx
        vtkCommonDataModel
        vtkCommonExecutionModel
        vtkCommonMath-Test-Cxx
        vtkCommonSystem-Test-Cxx
        vtkFiltersAMR
        vtkFiltersCore
        vtkFiltersGeneral
        vtkFiltersGeneric
        vtkFiltersHyperTree
        vtkFiltersImaging
        vtkFiltersParallel
        vtkFiltersParallelImaging
        vtkFiltersSMP
        vtkGeovisCore
        vtkIOAMR
        vtkIOAsynchronous
        vtkIOGeometry
        vtkIOImage
        vtkIOMovie
        vtkIOParallel
        vtkIOVideo
        vtkIOXML
        vtkImagingColor
        vtkInfovisLayout
        vtkInteractionWidgets
        vtkParallelCore
        vtkRenderingContext2D
        vtkRenderingCore
        vtkRenderingLOD
        vtkRenderingLabel
        vtkRenderingOpenGL2
        vtkRenderingVolume
        vtkRenderingVolumeOpenGL2
        vtkTestingRendering
 * vtkCommonTransforms, needed by 37 modules:
        VTK_Group_StandAlone
        vtkChartsCore
        vtkCommonCore-Test-Cxx
        vtkCommonDataModel
        vtkCommonMath-Test-Cxx
        vtkCommonTransforms-Test-Cxx
        vtkDomainsChemistry
        vtkFiltersCore
        vtkFiltersGeneral
        vtkFiltersGeneric
        vtkFiltersHybrid
        vtkFiltersModeling
        vtkFiltersParallel
        vtkFiltersProgrammable
        vtkFiltersSMP
        vtkFiltersSources
        vtkFiltersTexture
        vtkGeovisCore
        vtkIOExport
        vtkIOGeometry
        vtkIOImage
        vtkIOImport
        vtkIOMINC
        vtkImagingCore
        vtkInfovisLayout
        vtkInteractionStyle
        vtkInteractionWidgets
        vtkRenderingAnnotation
        vtkRenderingContext2D
        vtkRenderingContextOpenGL2
        vtkRenderingCore
        vtkRenderingImage
        vtkRenderingLabel
        vtkRenderingOpenGL2
        vtkRenderingVolume
        vtkRenderingVolumeOpenGL2
        vtkViewsInfovis
 * vtkDICOMParser, needed by vtkIOImage.
 * vtkDomainsChemistry, needed by 4 modules:
        VTK_Group_StandAlone
        vtkDomainsChemistry-Test-Cxx
        vtkDomainsChemistryOpenGL2
        vtkDomainsChemistryOpenGL2
 * vtkDomainsChemistryOpenGL2, needed by 3 modules:
        vtkDomainsChemistry
        vtkDomainsChemistry-Test-Cxx
        vtkDomainsChemistryOpenGL2-Test-Cxx
 * vtkFiltersAMR, needed by 6 modules:
        VTK_Group_StandAlone
        vtkFiltersAMR-Test-Cxx
        vtkFiltersFlowPaths-Test-Cxx
        vtkIOAMR
        vtkIOLegacy-Test-Cxx
        vtkIOXML-Test-Cxx
 * vtkFiltersCore, needed by 28 modules:
        VTK_Group_StandAlone
        vtkCommonExecutionModel-Test-Cxx
        vtkDomainsChemistry
        vtkFiltersAMR
        vtkFiltersCore-Test-Cxx
        vtkFiltersExtraction
        vtkFiltersFlowPaths
        vtkFiltersGeneral
        vtkFiltersGeneric
        vtkFiltersGeometry
        vtkFiltersHybrid
        vtkFiltersHyperTree
        vtkFiltersModeling
        vtkFiltersParallel
        vtkFiltersSMP
        vtkFiltersSources
        vtkGeovisCore
        vtkIOExodus
        vtkIOImport
        vtkIOParallel
        vtkIOXML-Test-Cxx
        vtkInfovisLayout
        vtkInteractionWidgets
        vtkRenderingAnnotation
        vtkRenderingCore
        vtkRenderingLOD
        vtkRenderingVolumeOpenGL2
        vtkViewsInfovis
 * vtkFiltersExtraction, needed by 9 modules:
        VTK_Group_StandAlone
        vtkFiltersExtraction-Test-Cxx
        vtkFiltersParallel
        vtkFiltersParallelImaging
        vtkFiltersSelection-Test-Cxx
        vtkIOParallel
        vtkInfovisCore
        vtkInteractionStyle
        vtkViewsInfovis
 * vtkFiltersFlowPaths, needed by 4 modules:
        VTK_Group_StandAlone
        vtkFiltersFlowPaths-Test-Cxx
        vtkFiltersGeneral-Test-Cxx
        vtkInteractionWidgets-Test-Cxx
 * vtkFiltersGeneral, needed by 28 modules:
        VTK_Group_StandAlone
        vtkChartsCore
        vtkDomainsChemistry
        vtkFiltersCore-Test-Cxx
        vtkFiltersExtraction
        vtkFiltersGeneral-Test-Cxx
        vtkFiltersHybrid
        vtkFiltersHyperTree
        vtkFiltersModeling
        vtkFiltersParallel
        vtkFiltersPoints-Test-Cxx
        vtkFiltersSMP
        vtkFiltersSources
        vtkFiltersTexture
        vtkGeovisCore
        vtkIOCityGML
        vtkImagingCore-Test-Cxx
        vtkInfovisCore
        vtkInfovisLayout
        vtkInteractionWidgets
        vtkRenderingAnnotation
        vtkRenderingContext2D
        vtkRenderingCore
        vtkRenderingFreeType
        vtkRenderingLabel
        vtkRenderingVolumeOpenGL2
        vtkViewsCore
        vtkViewsInfovis
 * vtkFiltersGeneric, needed by 3 modules:
        VTK_Group_StandAlone
        vtkCommonDataModel-Test-Cxx
        vtkFiltersGeneric-Test-Cxx
 * vtkFiltersGeometry, needed by 9 modules:
        VTK_Group_StandAlone
        vtkFiltersFlowPaths
        vtkFiltersGeometry-Test-Cxx
        vtkFiltersHybrid
        vtkFiltersParallel
        vtkIOExport
        vtkIOGeometry-Test-Cxx
        vtkRenderingCore
        vtkViewsInfovis
 * vtkFiltersHybrid, needed by 5 modules:
        VTK_Group_StandAlone
        vtkFiltersHybrid-Test-Cxx
        vtkIOMINC
        vtkImagingCore-Test-Cxx
        vtkInteractionWidgets
 * vtkFiltersHyperTree, needed by 5 modules:
        VTK_Group_StandAlone
        vtkFiltersHybrid-Test-Cxx
        vtkFiltersHyperTree-Test-Cxx
        vtkFiltersSources-Test-Cxx
        vtkIOXML-Test-Cxx
 * vtkFiltersImaging, needed by 4 modules:
        VTK_Group_StandAlone
        vtkFiltersFlowPaths-Test-Cxx
        vtkFiltersParallelImaging
        vtkViewsInfovis
 * vtkFiltersModeling, needed by 19 modules:
        VTK_Group_StandAlone
        vtkCommonDataModel-Test-Cxx
        vtkFiltersGeneral-Test-Cxx
        vtkFiltersGeneric-Test-Cxx
        vtkFiltersHyperTree-Test-Cxx
        vtkFiltersModeling-Test-Cxx
        vtkFiltersParallel
        vtkFiltersPoints
        vtkFiltersSources-Test-Cxx
        vtkIOCityGML
        vtkImagingCore-Test-Cxx
        vtkInfovisLayout
        vtkInteractionWidgets
        vtkInteractionWidgets-Test-Cxx
        vtkRenderingImage-Test-Cxx
        vtkRenderingLOD
        vtkRenderingVolume-Test-Cxx
        vtkRenderingVolumeOpenGL2-Test-Cxx
        vtkViewsInfovis
 * vtkFiltersParallel, needed by 3 modules:
        VTK_Group_StandAlone
        vtkFiltersParallelImaging
        vtkIOParallel
 * vtkFiltersParallelImaging, needed by VTK_Group_StandAlone.
 * vtkFiltersPoints, needed by 2 modules:
        VTK_Group_StandAlone
        vtkFiltersPoints-Test-Cxx
 * vtkFiltersProgrammable, needed by 5 modules:
        VTK_Group_StandAlone
        vtkCommonCore-Test-Cxx
        vtkFiltersProgrammable-Test-Cxx
        vtkInteractionWidgets-Test-Cxx
        vtkRenderingCore-Test-Cxx
 * vtkFiltersSMP, needed by 2 modules:
        VTK_Group_StandAlone
        vtkFiltersSMP-Test-Cxx
 * vtkFiltersSelection, needed by 3 modules:
        VTK_Group_StandAlone
        vtkFiltersSelection-Test-Cxx
        vtkInteractionWidgets-Test-Cxx
 * vtkFiltersSources, needed by 18 modules:
        VTK_Group_StandAlone
        vtkCommonExecutionModel-Test-Cxx
        vtkDomainsChemistry
        vtkFiltersFlowPaths
        vtkFiltersGeneric
        vtkFiltersModeling
        vtkFiltersParallel
        vtkFiltersSources-Test-Cxx
        vtkIOImport
        vtkIOXML-Test-Cxx
        vtkInfovisLayout
        vtkInteractionStyle
        vtkInteractionWidgets
        vtkRenderingAnnotation
        vtkRenderingCore
        vtkRenderingCore-Test-Cxx
        vtkRenderingVolumeOpenGL2
        vtkViewsInfovis
 * vtkFiltersStatistics, needed by 6 modules:
        VTK_Group_StandAlone
        vtkFiltersExtraction
        vtkFiltersImaging
        vtkFiltersParallelImaging
        vtkFiltersStatistics-Test-Cxx
        vtkViewsInfovis
 * vtkFiltersTexture, needed by 2 modules:
        VTK_Group_StandAlone
        vtkFiltersTexture-Test-Cxx
 * vtkFiltersTopology, needed by 2 modules:
        VTK_Group_StandAlone
        vtkFiltersTopology-Test-Cxx
 * vtkFiltersVerdict, needed by 4 modules:
        VTK_Group_StandAlone
        vtkCommonCore-Test-Cxx
        vtkFiltersSources-Test-Cxx
        vtkFiltersVerdict-Test-Cxx
 * vtkGeovisCore, needed by VTK_Group_Rendering.
 * vtkIOAMR, needed by 4 modules:
        VTK_Group_StandAlone
        vtkFiltersAMR-Test-Cxx
        vtkIOAMR-Test-Cxx
        vtkIOGeometry-Test-Cxx
 * vtkIOAsynchronous, needed by VTK_Group_StandAlone.
 * vtkIOCityGML, needed by 2 modules:
        VTK_Group_StandAlone
        vtkIOCityGML-Test-Cxx
 * vtkIOCore, needed by 18 modules:
        VTK_Group_StandAlone
        vtkCommonExecutionModel-Test-Cxx
        vtkFiltersFlowPaths
        vtkIOAsynchronous
        vtkIOCore-Test-Cxx
        vtkIOExodus
        vtkIOExport
        vtkIOGeometry
        vtkIOInfovis
        vtkIOLegacy
        vtkIOMINC
        vtkIOPLY
        vtkIOParallel
        vtkIOSQL
        vtkIOTecplotTable
        vtkIOWeb
        vtkIOXML
        vtkIOXMLParser
 * vtkIOEnSight, needed by VTK_Group_StandAlone.
 * vtkIOExodus, needed by 6 modules:
        VTK_Group_StandAlone
        vtkFiltersCore-Test-Cxx
        vtkFiltersExtraction-Test-Cxx
        vtkFiltersExtraction-Test-Cxx
        vtkIOExodus-Test-Cxx
        vtkRenderingCore-Test-Cxx
 * vtkIOExport, needed by 7 modules:
        VTK_Group_Rendering
        vtkIOExport-Test-Cxx
        vtkIOExportOpenGL2
        vtkIOExportOpenGL2
        vtkIOExportPDF
        vtkIOExportPDF
        vtkIOWeb
 * vtkIOExportOpenGL2, needed by 3 modules:
        vtkIOExport
        vtkIOExport-Test-Cxx
        vtkIOExportOpenGL2-Test-Cxx
 * vtkIOExportPDF, needed by 2 modules:
        VTK_Group_Rendering
        vtkIOExportPDF-Test-Cxx
 * vtkIOGeometry, needed by 9 modules:
        VTK_Group_StandAlone
        vtkCommonDataModel-Test-Cxx
        vtkDomainsChemistry-Test-Cxx
        vtkDomainsChemistryOpenGL2-Test-Cxx
        vtkFiltersGeneral-Test-Cxx
        vtkFiltersTexture-Test-Cxx
        vtkIOGeometry-Test-Cxx
        vtkIOParallel
        vtkRenderingAnnotation-Test-Cxx
 * vtkIOImage, needed by 17 modules:
        VTK_Group_StandAlone
        vtkCommonColor-Test-Cxx
        vtkGeovisCore
        vtkIOAsynchronous
        vtkIOExport
        vtkIOExport
        vtkIOGeometry
        vtkIOImage-Test-Cxx
        vtkIOImport
        vtkIOMINC
        vtkIOPLY-Test-Cxx
        vtkIOParallel
        vtkIOSegY
        vtkImagingColor-Test-Cxx
        vtkImagingHybrid
        vtkRenderingVolume-Test-Cxx
        vtkTestingRendering
 * vtkIOImport, needed by 2 modules:
        VTK_Group_StandAlone
        vtkIOImport-Test-Cxx
 * vtkIOInfovis, needed by 6 modules:
        VTK_Group_StandAlone
        vtkChartsCore-Test-Cxx
        vtkIOInfovis-Test-Cxx
        vtkInfovisCore-Test-Cxx
        vtkInfovisLayout-Test-Cxx
        vtkViewsInfovis-Test-Cxx
 * vtkIOLSDyna, needed by 2 modules:
        VTK_Group_StandAlone
        vtkIOLSDyna-Test-Cxx
 * vtkIOLegacy, needed by 31 modules:
        VTK_Group_StandAlone
        vtkCommonDataModel-Test-Cxx
        vtkCommonExecutionModel-Test-Cxx
        vtkDomainsChemistry
        vtkDomainsChemistry-Test-Cxx
        vtkFiltersCore-Test-Cxx
        vtkFiltersExtraction-Test-Cxx
        vtkFiltersGeneral-Test-Cxx
        vtkFiltersGeneric-Test-Cxx
        vtkFiltersHybrid-Test-Cxx
        vtkFiltersHyperTree-Test-Cxx
        vtkFiltersParallel
        vtkFiltersPoints-Test-Cxx
        vtkFiltersSelection-Test-Cxx
        vtkFiltersTopology-Test-Cxx
        vtkFiltersVerdict-Test-Cxx
        vtkIOGeometry
        vtkIOGeometry-Test-Cxx
        vtkIOImage-Test-Cxx
        vtkIOInfovis
        vtkIOLegacy-Test-Cxx
        vtkIOParallel
        vtkIOSQL-Test-Cxx
        vtkIOXML-Test-Cxx
        vtkImagingCore-Test-Cxx
        vtkInteractionWidgets-Test-Cxx
        vtkParallelCore
        vtkRenderingCore-Test-Cxx
        vtkRenderingOpenGL2-Test-Cxx
        vtkRenderingVolume-Test-Cxx
        vtkRenderingVolumeOpenGL2-Test-Cxx
 * vtkIOMINC, needed by VTK_Group_StandAlone.
 * vtkIOMovie, needed by 2 modules:
        VTK_Group_StandAlone
        vtkIOMovie-Test-Cxx
 * vtkIONetCDF, needed by 3 modules:
        VTK_Group_StandAlone
        vtkIONetCDF-Test-Cxx
        vtkIOParallel
 * vtkIOPLY, needed by 3 modules:
        VTK_Group_StandAlone
        vtkIOPLY-Test-Cxx
        vtkRenderingOpenGL2-Test-Cxx
 * vtkIOParallel, needed by 6 modules:
        VTK_Group_StandAlone
        vtkFiltersSources-Test-Cxx
        vtkIOExport-Test-Cxx
        vtkInteractionWidgets-Test-Cxx
        vtkRenderingAnnotation-Test-Cxx
        vtkRenderingCore-Test-Cxx
 * vtkIOParallelXML, needed by 2 modules:
        VTK_Group_StandAlone
        vtkIOXML-Test-Cxx
 * vtkIOSQL, needed by 4 modules:
        VTK_Group_StandAlone
        vtkIOSQL-Test-Cxx
        vtkTestingIOSQL
        vtkViewsInfovis-Test-Cxx
 * vtkIOSegY, needed by 2 modules:
        VTK_Group_StandAlone
        vtkIOSegY-Test-Cxx
 * vtkIOTecplotTable, needed by 2 modules:
        VTK_Group_StandAlone
        vtkIOTecplotTable-Test-Cxx
 * vtkIOVeraOut, needed by VTK_Group_StandAlone.
 * vtkIOVideo, needed by VTK_Group_StandAlone.
 * vtkIOWeb, needed by VTK_Group_StandAlone.
 * vtkIOXML, needed by 30 modules:
        VTK_Group_StandAlone
        vtkCommonDataModel-Test-Cxx
        vtkCommonExecutionModel-Test-Cxx
        vtkFiltersAMR
        vtkFiltersCore-Test-Cxx
        vtkFiltersExtraction-Test-Cxx
        vtkFiltersGeneral-Test-Cxx
        vtkFiltersGeneric-Test-Cxx
        vtkFiltersGeometry-Test-Cxx
        vtkFiltersHybrid-Test-Cxx
        vtkFiltersHyperTree-Test-Cxx
        vtkFiltersModeling-Test-Cxx
        vtkFiltersPoints-Test-Cxx
        vtkFiltersSMP-Test-Cxx
        vtkFiltersSelection-Test-Cxx
        vtkFiltersSources-Test-Cxx
        vtkFiltersTexture-Test-Cxx
        vtkGeovisCore
        vtkIOAMR-Test-Cxx
        vtkIOAsynchronous
        vtkIOExport
        vtkIOImport-Test-Cxx
        vtkIOInfovis
        vtkIOParallelXML
        vtkIOXML-Test-Cxx
        vtkInteractionWidgets-Test-Cxx
        vtkRenderingCore-Test-Cxx
        vtkRenderingLabel-Test-Cxx
        vtkRenderingVolume
        vtkRenderingVolume-Test-Cxx
 * vtkIOXMLParser, needed by 6 modules:
        VTK_Group_StandAlone
        vtkDomainsChemistry
        vtkIOExodus
        vtkIOInfovis
        vtkIOLSDyna
        vtkIOXML
 * vtkImagingColor, needed by 5 modules:
        VTK_Group_StandAlone
        vtkImagingColor-Test-Cxx
        vtkInteractionImage
        vtkInteractionWidgets
        vtkRenderingAnnotation
 * vtkImagingCore, needed by 32 modules:
        VTK_Group_StandAlone
        vtkFiltersAMR-Test-Cxx
        vtkFiltersCore-Test-Cxx
        vtkFiltersHybrid
        vtkFiltersHybrid-Test-Cxx
        vtkFiltersParallelImaging
        vtkFiltersPoints-Test-Cxx
        vtkFiltersSMP-Test-Cxx
        vtkFiltersTexture-Test-Cxx
        vtkGeovisCore
        vtkIOExport
        vtkIOExportOpenGL2
        vtkIOExportPDF
        vtkIOLegacy-Test-Cxx
        vtkIOMovie-Test-Cxx
        vtkImagingColor
        vtkImagingColor-Test-Cxx
        vtkImagingCore-Test-Cxx
        vtkImagingFourier
        vtkImagingGeneral
        vtkImagingHybrid
        vtkImagingMorphological
        vtkImagingSources
        vtkImagingStatistics
        vtkImagingStencil
        vtkInteractionImage
        vtkInteractionWidgets
        vtkRenderingContextOpenGL2
        vtkRenderingImage
        vtkRenderingVolume
        vtkRenderingVolumeOpenGL2
        vtkTestingRendering
 * vtkImagingFourier, needed by 2 modules:
        VTK_Group_StandAlone
        vtkFiltersStatistics
 * vtkImagingGeneral, needed by 10 modules:
        VTK_Group_StandAlone
        vtkFiltersImaging
        vtkFiltersParallelImaging
        vtkImagingCore-Test-Cxx
        vtkImagingMorphological
        vtkInteractionWidgets
        vtkRenderingOpenGL2-Test-Cxx
        vtkRenderingVolume-Test-Cxx
        vtkRenderingVolumeOpenGL2-Test-Cxx
        vtkViewsInfovis
 * vtkImagingHybrid, needed by 6 modules:
        VTK_Group_StandAlone
        vtkFiltersHyperTree-Test-Cxx
        vtkImagingHybrid-Test-Cxx
        vtkInfovisLayout
        vtkInteractionWidgets
        vtkRenderingVolume-Test-Cxx
 * vtkImagingMath, needed by 5 modules:
        VTK_Group_StandAlone
        vtkFiltersGeneral-Test-Cxx
        vtkIOImage-Test-Cxx
        vtkImagingCore-Test-Cxx
        vtkRenderingVolumeOpenGL2
 * vtkImagingMorphological, needed by 2 modules:
        VTK_Group_StandAlone
        vtkImagingMorphological-Test-Cxx
 * vtkImagingSources, needed by 16 modules:
        VTK_Group_StandAlone
        vtkFiltersHybrid
        vtkGeovisCore
        vtkIOImage-Test-Cxx
        vtkIOImport-Test-Cxx
        vtkIOMovie-Test-Cxx
        vtkIOXML-Test-Cxx
        vtkImagingCore-Test-Cxx
        vtkImagingGeneral
        vtkImagingMorphological
        vtkRenderingAnnotation-Test-Cxx
        vtkRenderingCore-Test-Cxx
        vtkRenderingImage-Test-Cxx
        vtkRenderingOpenGL2-Test-Cxx
        vtkRenderingVolume-Test-Cxx
        vtkRenderingVolumeOpenGL2-Test-Cxx
 * vtkImagingStatistics, needed by 2 modules:
        VTK_Group_StandAlone
        vtkImagingCore-Test-Cxx
 * vtkImagingStencil, needed by 5 modules:
        VTK_Group_StandAlone
        vtkFiltersHybrid-Test-Cxx
        vtkImagingCore-Test-Cxx
        vtkImagingHybrid-Test-Cxx
        vtkInteractionWidgets-Test-Cxx
 * vtkInfovisCore, needed by 8 modules:
        VTK_Group_StandAlone
        vtkChartsCore
        vtkGeovisCore
        vtkIOInfovis
        vtkIOXML-Test-Cxx
        vtkInfovisCore-Test-Cxx
        vtkInfovisLayout
        vtkViewsInfovis
 * vtkInfovisLayout, needed by 6 modules:
        VTK_Group_StandAlone
        vtkGeovisCore
        vtkIOInfovis-Test-Cxx
        vtkInfovisCore-Test-Cxx
        vtkInfovisLayout-Test-Cxx
        vtkViewsInfovis
 * vtkInteractionImage, needed by 6 modules:
        VTK_Group_Rendering
        vtkIOExport-Test-Cxx
        vtkIOImage-Test-Cxx
        vtkImagingCore-Test-Cxx
        vtkImagingMorphological-Test-Cxx
        vtkInteractionWidgets-Test-Cxx
 * vtkInteractionStyle, needed by 49 modules:
        VTK_Group_Rendering
        vtkCommonColor-Test-Cxx
        vtkCommonDataModel-Test-Cxx
        vtkDomainsChemistry-Test-Cxx
        vtkDomainsChemistryOpenGL2-Test-Cxx
        vtkFiltersCore-Test-Cxx
        vtkFiltersExtraction-Test-Cxx
        vtkFiltersFlowPaths-Test-Cxx
        vtkFiltersGeneral-Test-Cxx
        vtkFiltersGeneric-Test-Cxx
        vtkFiltersGeometry-Test-Cxx
        vtkFiltersHybrid-Test-Cxx
        vtkFiltersHyperTree-Test-Cxx
        vtkFiltersModeling-Test-Cxx
        vtkFiltersPoints-Test-Cxx
        vtkFiltersProgrammable-Test-Cxx
        vtkFiltersSelection-Test-Cxx
        vtkFiltersSources-Test-Cxx
        vtkGeovisCore
        vtkIOCityGML-Test-Cxx
        vtkIOExodus-Test-Cxx
        vtkIOExport-Test-Cxx
        vtkIOGeometry-Test-Cxx
        vtkIOImage-Test-Cxx
        vtkIOImport-Test-Cxx
        vtkIOLSDyna-Test-Cxx
        vtkIOLegacy-Test-Cxx
        vtkIONetCDF-Test-Cxx
        vtkIOPLY-Test-Cxx
        vtkIOSegY-Test-Cxx
        vtkIOXML-Test-Cxx
        vtkImagingCore-Test-Cxx
        vtkImagingHybrid-Test-Cxx
        vtkImagingMorphological-Test-Cxx
        vtkInfovisCore-Test-Cxx
        vtkInfovisLayout-Test-Cxx
        vtkInteractionImage
        vtkInteractionWidgets
        vtkInteractionWidgets-Test-Cxx
        vtkRenderingAnnotation-Test-Cxx
        vtkRenderingCore-Test-Cxx
        vtkRenderingGL2PSOpenGL2-Test-Cxx
        vtkRenderingImage-Test-Cxx
        vtkRenderingLOD-Test-Cxx
        vtkRenderingLabel-Test-Cxx
        vtkRenderingOpenGL2-Test-Cxx
        vtkRenderingVolume-Test-Cxx
        vtkRenderingVolumeOpenGL2-Test-Cxx
        vtkViewsInfovis
 * vtkInteractionWidgets, needed by 7 modules:
        VTK_Group_Rendering
        vtkGeovisCore
        vtkInteractionImage
        vtkInteractionWidgets-Test-Cxx
        vtkRenderingVolumeOpenGL2-Test-Cxx
        vtkViewsCore
        vtkViewsInfovis
 * vtkMetaIO, needed by vtkIOImage.
 * vtkParallelCore, needed by 8 modules:
        VTK_Group_StandAlone
        vtkFiltersAMR
        vtkFiltersParallel
        vtkFiltersParallelImaging
        vtkIOAMR
        vtkIOParallel
        vtkIOParallelXML
        vtkParallelCore-Test-Cxx
 * vtkRenderingAnnotation, needed by 10 modules:
        VTK_Group_Rendering
        vtkFiltersGeneral-Test-Cxx
        vtkFiltersHyperTree-Test-Cxx
        vtkFiltersSelection-Test-Cxx
        vtkIOExport-Test-Cxx
        vtkInteractionWidgets
        vtkRenderingAnnotation-Test-Cxx
        vtkRenderingCore-Test-Cxx
        vtkRenderingVolume-Test-Cxx
        vtkViewsInfovis
 * vtkRenderingContext2D, needed by 9 modules:
        VTK_Group_Rendering
        vtkChartsCore
        vtkFiltersPoints-Test-Cxx
        vtkIOExport
        vtkRenderingContext2D-Test-Cxx
        vtkRenderingContextOpenGL2
        vtkRenderingContextOpenGL2
        vtkViewsContext2D
        vtkViewsInfovis
 * vtkRenderingContextOpenGL2, needed by 11 modules:
        vtkChartsCore-Test-Cxx
        vtkCommonDataModel-Test-Cxx
        vtkFiltersPoints-Test-Cxx
        vtkIOExport-Test-Cxx
        vtkIOExportOpenGL2-Test-Cxx
        vtkIOExportPDF-Test-Cxx
        vtkIOImage-Test-Cxx
        vtkRenderingContext2D
        vtkRenderingContext2D-Test-Cxx
        vtkRenderingFreeType-Test-Cxx
        vtkViewsInfovis-Test-Cxx
 * vtkRenderingCore, needed by 36 modules:
        VTK_Group_Rendering
        vtkChartsCore
        vtkCommonDataModel-Test-Cxx
        vtkDomainsChemistry
        vtkDomainsChemistryOpenGL2
        vtkFiltersHybrid
        vtkFiltersParallel
        vtkFiltersTexture-Test-Cxx
        vtkGeovisCore
        vtkIOExport
        vtkIOExportOpenGL2
        vtkIOImport
        vtkIOInfovis-Test-Cxx
        vtkIOMINC
        vtkInteractionImage
        vtkInteractionStyle
        vtkInteractionStyle
        vtkInteractionWidgets
        vtkRenderingAnnotation
        vtkRenderingContext2D
        vtkRenderingContextOpenGL2
        vtkRenderingCore-Test-Cxx
        vtkRenderingFreeType
        vtkRenderingFreeType
        vtkRenderingGL2PSOpenGL2
        vtkRenderingImage
        vtkRenderingLOD
        vtkRenderingLabel
        vtkRenderingOpenGL2
        vtkRenderingOpenGL2
        vtkRenderingVolume
        vtkRenderingVolumeOpenGL2
        vtkTestingRendering
        vtkViewsContext2D
        vtkViewsCore
        vtkViewsInfovis
 * vtkRenderingFreeType, needed by 12 modules:
        VTK_Group_Rendering
        vtkFiltersSources-Test-Cxx
        vtkIOExport
        vtkInteractionWidgets
        vtkRenderingAnnotation
        vtkRenderingContext2D
        vtkRenderingContextOpenGL2
        vtkRenderingCore-Test-Cxx
        vtkRenderingFreeType-Test-Cxx
        vtkRenderingLabel
        vtkRenderingOpenGL2-Test-Cxx
        vtkRenderingVolume-Test-Cxx
 * vtkRenderingGL2PSOpenGL2, needed by 3 modules:
        vtkIOExport
        vtkIOExportOpenGL2
        vtkRenderingGL2PSOpenGL2-Test-Cxx
 * vtkRenderingImage, needed by 4 modules:
        VTK_Group_Rendering
        vtkImagingCore-Test-Cxx
        vtkRenderingImage-Test-Cxx
        vtkRenderingOpenGL2-Test-Cxx
 * vtkRenderingLOD, needed by 4 modules:
        VTK_Group_Rendering
        vtkInteractionWidgets-Test-Cxx
        vtkRenderingAnnotation-Test-Cxx
        vtkRenderingLOD-Test-Cxx
 * vtkRenderingLabel, needed by 7 modules:
        VTK_Group_Rendering
        vtkFiltersGeneral-Test-Cxx
        vtkFiltersGeneric-Test-Cxx
        vtkIOExport-Test-Cxx
        vtkInfovisLayout-Test-Cxx
        vtkRenderingLabel-Test-Cxx
        vtkViewsInfovis
 * vtkRenderingOpenGL2, needed by 50 modules:
        vtkCommonColor-Test-Cxx
        vtkCommonComputationalGeometry-Test-Cxx
        vtkCommonDataModel-Test-Cxx
        vtkCommonTransforms-Test-Cxx
        vtkDomainsChemistry-Test-Cxx
        vtkDomainsChemistryOpenGL2
        vtkDomainsChemistryOpenGL2-Test-Cxx
        vtkFiltersCore-Test-Cxx
        vtkFiltersExtraction-Test-Cxx
        vtkFiltersFlowPaths-Test-Cxx
        vtkFiltersGeneral-Test-Cxx
        vtkFiltersGeneric-Test-Cxx
        vtkFiltersGeometry-Test-Cxx
        vtkFiltersHybrid-Test-Cxx
        vtkFiltersHyperTree-Test-Cxx
        vtkFiltersModeling-Test-Cxx
        vtkFiltersPoints-Test-Cxx
        vtkFiltersProgrammable-Test-Cxx
        vtkFiltersSelection-Test-Cxx
        vtkFiltersSources-Test-Cxx
        vtkFiltersTexture-Test-Cxx
        vtkIOCityGML-Test-Cxx
        vtkIOExodus-Test-Cxx
        vtkIOGeometry-Test-Cxx
        vtkIOImport-Test-Cxx
        vtkIOLSDyna-Test-Cxx
        vtkIOLegacy-Test-Cxx
        vtkIONetCDF-Test-Cxx
        vtkIOPLY-Test-Cxx
        vtkIOSegY-Test-Cxx
        vtkIOXML-Test-Cxx
        vtkImagingCore-Test-Cxx
        vtkImagingHybrid-Test-Cxx
        vtkImagingMorphological-Test-Cxx
        vtkInfovisCore-Test-Cxx
        vtkInfovisLayout-Test-Cxx
        vtkParallelCore-Test-Cxx
        vtkRenderingAnnotation-Test-Cxx
        vtkRenderingContextOpenGL2
        vtkRenderingCore
        vtkRenderingCore-Test-Cxx
        vtkRenderingFreeType-Test-Cxx
        vtkRenderingGL2PSOpenGL2
        vtkRenderingGL2PSOpenGL2
        vtkRenderingGL2PSOpenGL2
        vtkRenderingImage-Test-Cxx
        vtkRenderingLOD-Test-Cxx
        vtkRenderingLabel-Test-Cxx
        vtkRenderingOpenGL2-Test-Cxx
        vtkRenderingVolumeOpenGL2
 * vtkRenderingVolume, needed by 5 modules:
        VTK_Group_Rendering
        vtkInteractionWidgets
        vtkRenderingVolume-Test-Cxx
        vtkRenderingVolumeOpenGL2
        vtkRenderingVolumeOpenGL2
 * vtkRenderingVolumeOpenGL2, needed by 7 modules:
        vtkFiltersCore-Test-Cxx
        vtkFiltersPoints-Test-Cxx
        vtkIOExport-Test-Cxx
        vtkInteractionWidgets-Test-Cxx
        vtkRenderingVolume
        vtkRenderingVolume-Test-Cxx
        vtkRenderingVolumeOpenGL2-Test-Cxx
 * vtkTestingCore, needed by 38 modules:
        vtkChartsCore-Test-Cxx
        vtkCommonColor-Test-Cxx
        vtkCommonComputationalGeometry-Test-Cxx
        vtkCommonCore-Test-Cxx
        vtkCommonDataModel-Test-Cxx
        vtkCommonExecutionModel-Test-Cxx
        vtkCommonMath-Test-Cxx
        vtkCommonMisc-Test-Cxx
        vtkCommonSystem-Test-Cxx
        vtkCommonTransforms-Test-Cxx
        vtkDomainsChemistry-Test-Cxx
        vtkDomainsChemistryOpenGL2-Test-Cxx
        vtkFiltersAMR-Test-Cxx
        vtkFiltersFlowPaths-Test-Cxx
        vtkFiltersSMP-Test-Cxx
        vtkFiltersSources-Test-Cxx
        vtkFiltersStatistics-Test-Cxx
        vtkFiltersTexture-Test-Cxx
        vtkFiltersVerdict-Test-Cxx
        vtkIOAMR-Test-Cxx
        vtkIOCityGML-Test-Cxx
        vtkIOCore-Test-Cxx
        vtkIOImage-Test-Cxx
        vtkIOImage-Test-Cxx
        vtkIOMovie-Test-Cxx
        vtkIOSQL-Test-Cxx
        vtkIOSegY-Test-Cxx
        vtkIOTecplotTable-Test-Cxx
        vtkIOXML-Test-Cxx
        vtkImagingColor-Test-Cxx
        vtkImagingHybrid-Test-Cxx
        vtkRenderingCore-Test-Cxx
        vtkRenderingImage-Test-Cxx
        vtkRenderingLabel-Test-Cxx
        vtkRenderingOpenGL2-Test-Cxx
        vtkRenderingVolume-Test-Cxx
        vtkRenderingVolumeOpenGL2-Test-Cxx
        vtkTestingRendering
 * vtkTestingGenericBridge, needed by 2 modules:
        vtkCommonDataModel-Test-Cxx
        vtkFiltersGeneric-Test-Cxx
 * vtkTestingIOSQL, needed by vtkIOSQL-Test-Cxx.
 * vtkTestingRendering, needed by 55 modules:
        vtkChartsCore-Test-Cxx
        vtkCommonColor-Test-Cxx
        vtkCommonDataModel-Test-Cxx
        vtkDomainsChemistry-Test-Cxx
        vtkDomainsChemistryOpenGL2-Test-Cxx
        vtkFiltersCore-Test-Cxx
        vtkFiltersExtraction-Test-Cxx
        vtkFiltersFlowPaths-Test-Cxx
        vtkFiltersGeneral-Test-Cxx
        vtkFiltersGeneric-Test-Cxx
        vtkFiltersGeometry-Test-Cxx
        vtkFiltersHybrid-Test-Cxx
        vtkFiltersHyperTree-Test-Cxx
        vtkFiltersModeling-Test-Cxx
        vtkFiltersPoints-Test-Cxx
        vtkFiltersProgrammable-Test-Cxx
        vtkFiltersSelection-Test-Cxx
        vtkFiltersSources-Test-Cxx
        vtkFiltersTexture-Test-Cxx
        vtkFiltersTopology-Test-Cxx
        vtkIOAMR-Test-Cxx
        vtkIOCityGML-Test-Cxx
        vtkIOExodus-Test-Cxx
        vtkIOExport-Test-Cxx
        vtkIOExportOpenGL2-Test-Cxx
        vtkIOExportPDF-Test-Cxx
        vtkIOGeometry-Test-Cxx
        vtkIOImage-Test-Cxx
        vtkIOImport-Test-Cxx
        vtkIOInfovis-Test-Cxx
        vtkIOLSDyna-Test-Cxx
        vtkIOLegacy-Test-Cxx
        vtkIONetCDF-Test-Cxx
        vtkIOPLY-Test-Cxx
        vtkIOSegY-Test-Cxx
        vtkIOXML-Test-Cxx
        vtkImagingCore-Test-Cxx
        vtkImagingHybrid-Test-Cxx
        vtkImagingMorphological-Test-Cxx
        vtkInfovisCore-Test-Cxx
        vtkInfovisLayout-Test-Cxx
        vtkInteractionWidgets-Test-Cxx
        vtkParallelCore-Test-Cxx
        vtkRenderingAnnotation-Test-Cxx
        vtkRenderingContext2D-Test-Cxx
        vtkRenderingCore-Test-Cxx
        vtkRenderingFreeType-Test-Cxx
        vtkRenderingGL2PSOpenGL2-Test-Cxx
        vtkRenderingImage-Test-Cxx
        vtkRenderingLOD-Test-Cxx
        vtkRenderingLabel-Test-Cxx
        vtkRenderingOpenGL2-Test-Cxx
        vtkRenderingVolume-Test-Cxx
        vtkRenderingVolumeOpenGL2-Test-Cxx
        vtkViewsInfovis-Test-Cxx
 * vtkViewsContext2D, needed by 10 modules:
        VTK_Group_Rendering
        vtkChartsCore-Test-Cxx
        vtkCommonDataModel-Test-Cxx
        vtkFiltersPoints-Test-Cxx
        vtkIOExport-Test-Cxx
        vtkIOExportOpenGL2-Test-Cxx
        vtkIOExportPDF-Test-Cxx
        vtkRenderingContext2D-Test-Cxx
        vtkRenderingFreeType-Test-Cxx
        vtkViewsInfovis-Test-Cxx
 * vtkViewsCore, needed by 4 modules:
        VTK_Group_Rendering
        vtkGeovisCore
        vtkViewsContext2D
        vtkViewsInfovis
 * vtkViewsInfovis, needed by 2 modules:
        VTK_Group_Rendering
        vtkViewsInfovis-Test-Cxx
 * vtkdoubleconversion, needed by vtkIOCore.
 * vtkeigen, needed by vtkFiltersStatistics.
 * vtkexodusII, needed by 2 modules:
        vtkIOExodus
        vtkIOParallel
 * vtkexpat, needed by vtkIOXMLParser.
 * vtkfreetype, needed by vtkRenderingFreeType.
 * vtkgl2ps, needed by 2 modules:
        vtkIOExportOpenGL2
        vtkRenderingGL2PSOpenGL2
 * vtkglew, needed by 4 modules:
        vtkDomainsChemistryOpenGL2
        vtkRenderingContextOpenGL2
        vtkRenderingOpenGL2
        vtkRenderingVolumeOpenGL2
 * vtkhdf5, needed by 3 modules:
        vtkIOAMR
        vtkIOVeraOut
        vtknetcdf
 * vtkjpeg, needed by 3 modules:
        vtkIOAsynchronous
        vtkIOImage
        vtktiff
 * vtkjsoncpp, needed by 2 modules:
        vtkIOExport
        vtkIOParallel
 * vtkkwiml, needed by 2 modules:
        vtkCommonCore
        vtkfreetype
 * vtklibharu, needed by vtkIOExportPDF.
 * vtklibproj, needed by vtkGeovisCore.
 * vtklibxml2, needed by vtkIOInfovis.
 * vtklz4, needed by vtkIOCore.
 * vtklzma, needed by vtkIOCore.
 * vtknetcdf, needed by 4 modules:
        vtkIOMINC
        vtkIONetCDF
        vtkIOParallel
        vtkexodusII
 * vtkogg, needed by vtktheora.
 * vtkpng, needed by 4 modules:
        vtkIOAsynchronous
        vtkIOImage
        vtkgl2ps
        vtklibharu
 * vtkpugixml, needed by vtkIOCityGML.
 * vtksqlite, needed by vtkIOSQL.
 * vtksys, needed by 38 modules:
        vtkChartsCore
        vtkCommonCore
        vtkCommonCore-Test-Cxx
        vtkCommonDataModel
        vtkCommonMisc
        vtkCommonSystem
        vtkDICOMParser
        vtkDomainsChemistry
        vtkFiltersHybrid
        vtkIOAMR
        vtkIOAsynchronous
        vtkIOCityGML
        vtkIOCore
        vtkIOExodus
        vtkIOExport
        vtkIOGeometry
        vtkIOImage
        vtkIOImport
        vtkIOInfovis
        vtkIOLSDyna
        vtkIOLegacy
        vtkIOMINC
        vtkIONetCDF
        vtkIOPLY
        vtkIOParallel
        vtkIOParallelXML
        vtkIOSQL
        vtkIOTecplotTable
        vtkIOVideo
        vtkIOWeb
        vtkIOXML
        vtkIOXMLParser
        vtkImagingFourier
        vtkParallelCore
        vtkRenderingCore
        vtkRenderingOpenGL2
        vtkRenderingVolumeOpenGL2
        vtkTestingRendering
 * vtktheora, needed by vtkIOMovie.
 * vtktiff, needed by 2 modules:
        vtkIOAsynchronous
        vtkIOImage
 * vtkutf8, needed by 2 modules:
        vtkCommonCore
        vtkIOCore
 * vtkverdict, needed by vtkFiltersVerdict.
 * vtkzlib, needed by 12 modules:
        vtkIOAsynchronous
        vtkIOCore
        vtkIOGeometry
        vtkIOImage
        vtkMetaIO
        vtkfreetype
        vtkgl2ps
        vtkhdf5
        vtklibharu
        vtklibxml2
        vtkpng
        vtktiff
